Parameters: 10 5 250
send position: 0 0 0 1 1 0 2 2 0
Step: 0
player_id: 0
player_id: 1
player_id: 2
BoardPoints0send move: 0 MOVIMIENTO 4 1 MOVIMIENTO 4 2 MOVIMIENTO 4
Step: 1
player_id: 0
player_id: 1
player_id: 2
BoardPoints0send move: 0 MOVIMIENTO 4 1 MOVIMIENTO 4 2 MOVIMIENTO 4
Step: 2
player_id: 0
player_id: 1
player_id: 2
BoardPoints0send move: 0 MOVIMIENTO 4 1 MOVIMIENTO 4 2 MOVIMIENTO 4
Step: 3
player_id: 0
player_id: 1
player_id: 2
BoardPoints0send move: 0 MOVIMIENTO 4 1 MOVIMIENTO 4 2 MOVIMIENTO 4
Step: 4
player_id: 0
player_id: 1
player_id: 2
BoardPoints0send move: 0 MOVIMIENTO 4 1 MOVIMIENTO 4 2 MOVIMIENTO 4
Step: 5
player_id: 0
player_id: 1
player_id: 2
BoardPoints0send move: 0 MOVIMIENTO 4 1 MOVIMIENTO 4 2 MOVIMIENTO 4
Step: 6
player_id: 0
player_id: 1
player_id: 2
BoardPoints0send move: 0 MOVIMIENTO 4 1 MOVIMIENTO 4 2 MOVIMIENTO 4
Step: 7
player_id: 0
player_id: 1
player_id: 2
BoardPoints0send move: 0 MOVIMIENTO 4 1 MOVIMIENTO 4 2 MOVIMIENTO 4
Step: 8
player_id: 0
player_id: 1
player_id: 2
BoardPoints0send move: 0 MOVIMIENTO 4 1 MOVIMIENTO 4 2 MOVIMIENTO 4
Step: 9
player_id: 0
player_id: 1
player_id: 2
BoardPoints0send move: 0 MOVIMIENTO 4 1 MOVIMIENTO 4 2 MOVIMIENTO 4
Step: 10
player_id: 0
player_id: 1
player_id: 2
BoardPoints0send move: 0 MOVIMIENTO 4 1 MOVIMIENTO 4 2 MOVIMIENTO 4
Step: 11
player_id: 0
player_id: 1
player_id: 2
BoardPoints0send move: 0 MOVIMIENTO 4 1 MOVIMIENTO 4 2 MOVIMIENTO 4
Step: 12
player_id: 0
player_id: 1
player_id: 2
BoardPoints0send move: 0 MOVIMIENTO 4 1 MOVIMIENTO 4 2 MOVIMIENTO 4
Step: 13
player_id: 0
player_id: 1
player_id: 2
BoardPoints0send move: 0 MOVIMIENTO 4 1 MOVIMIENTO 4 2 MOVIMIENTO 4
Step: 14
player_id: 0
player_id: 1
player_id: 2
BoardPoints0send move: 0 MOVIMIENTO 4 1 MOVIMIENTO 4 2 MOVIMIENTO 4
Step: 15
player_id: 0
player_id: 1
player_id: 2
BoardPoints0send move: 0 MOVIMIENTO 4 1 MOVIMIENTO 4 2 MOVIMIENTO 4
Step: 16
player_id: 0
player_id: 1
player_id: 2
BoardPoints0send move: 0 MOVIMIENTO 4 1 MOVIMIENTO 4 2 MOVIMIENTO 4
Step: 17
player_id: 0
player_id: 1
player_id: 2
BoardPoints0send move: 0 MOVIMIENTO 4 1 MOVIMIENTO 4 2 MOVIMIENTO 4
Step: 18
player_id: 0
player_id: 1
player_id: 2
BoardPoints0send move: 0 MOVIMIENTO 4 1 MOVIMIENTO 4 2 MOVIMIENTO 4
Step: 19
player_id: 0
player_id: 1
player_id: 2
BoardPoints0send move: 0 MOVIMIENTO 4 1 MOVIMIENTO 4 2 MOVIMIENTO 4
Step: 20
player_id: 0
player_id: 1
player_id: 2
BoardPoints0send move: 0 MOVIMIENTO 4 1 MOVIMIENTO 4 2 MOVIMIENTO 4
Step: 21
player_id: 0
player_id: 1
player_id: 2
BoardPoints0send move: 0 MOVIMIENTO 4 1 MOVIMIENTO 4 2 MOVIMIENTO 4
Step: 22
player_id: 0
player_id: 1
player_id: 2
BoardPoints0send move: 0 MOVIMIENTO 4 1 MOVIMIENTO 4 2 MOVIMIENTO 4
Step: 23
player_id: 0
player_id: 1
player_id: 2
BoardPoints0send move: 0 MOVIMIENTO 4 1 MOVIMIENTO 4 2 MOVIMIENTO 4
Step: 24
player_id: 0
player_id: 1
player_id: 2
BoardPoints0send move: 0 MOVIMIENTO 4 1 MOVIMIENTO 4 2 MOVIMIENTO 4
Step: 25
player_id: 0
player_id: 1
player_id: 2
BoardPoints0send move: 0 MOVIMIENTO 4 1 MOVIMIENTO 4 2 MOVIMIENTO 4
Step: 26
player_id: 0
player_id: 1
player_id: 2
BoardPoints0send move: 0 MOVIMIENTO 4 1 MOVIMIENTO 4 2 MOVIMIENTO 4
Step: 27
player_id: 0
player_id: 1
player_id: 2
BoardPoints0send move: 0 MOVIMIENTO 4 1 MOVIMIENTO 4 2 MOVIMIENTO 4
Step: 28
player_id: 0
player_id: 1
player_id: 2
BoardPoints0send move: 0 MOVIMIENTO 4 1 MOVIMIENTO 4 2 MOVIMIENTO 4
Step: 29
player_id: 0
player_id: 1
player_id: 2
BoardPoints0send move: 0 MOVIMIENTO 4 1 MOVIMIENTO 4 2 MOVIMIENTO 4
Step: 30
player_id: 0
player_id: 1
player_id: 2
BoardPoints0send move: 0 MOVIMIENTO 4 1 MOVIMIENTO 4 2 MOVIMIENTO 4
Step: 31
player_id: 0
player_id: 1
player_id: 2
BoardPoints0send move: 0 MOVIMIENTO 4 1 MOVIMIENTO 4 2 MOVIMIENTO 4
Step: 32
player_id: 0
player_id: 1
player_id: 2
BoardPoints0send move: 0 MOVIMIENTO 4 1 MOVIMIENTO 4 2 MOVIMIENTO 4
Step: 33
player_id: 0
player_id: 1
player_id: 2
BoardPoints0send move: 0 MOVIMIENTO 4 1 MOVIMIENTO 4 2 MOVIMIENTO 4
Step: 34
player_id: 0
player_id: 1
player_id: 2
BoardPoints0send move: 0 MOVIMIENTO 4 1 MOVIMIENTO 4 2 MOVIMIENTO 4
Step: 35
player_id: 0
player_id: 1
player_id: 2
BoardPoints0send move: 0 MOVIMIENTO 4 1 MOVIMIENTO 4 2 MOVIMIENTO 4
Step: 36
player_id: 0
player_id: 1
player_id: 2
BoardPoints0send move: 0 MOVIMIENTO 4 1 MOVIMIENTO 4 2 MOVIMIENTO 4
Step: 37
player_id: 0
player_id: 1
player_id: 2
BoardPoints0send move: 0 MOVIMIENTO 4 1 MOVIMIENTO 4 2 MOVIMIENTO 4
Step: 38
player_id: 0
player_id: 1
player_id: 2
BoardPoints0send move: 0 MOVIMIENTO 4 1 MOVIMIENTO 4 2 MOVIMIENTO 4
Step: 39
player_id: 0
player_id: 1
player_id: 2
BoardPoints0send move: 0 MOVIMIENTO 4 1 MOVIMIENTO 4 2 MOVIMIENTO 4
Step: 40
player_id: 0
player_id: 1
player_id: 2
BoardPoints0send move: 0 MOVIMIENTO 4 1 MOVIMIENTO 4 2 MOVIMIENTO 4
Step: 41
player_id: 0
player_id: 1
player_id: 2
BoardPoints0send move: 0 MOVIMIENTO 4 1 MOVIMIENTO 4 2 MOVIMIENTO 4
Step: 42
player_id: 0
player_id: 1
player_id: 2
BoardPoints0send move: 0 MOVIMIENTO 4 1 MOVIMIENTO 4 2 MOVIMIENTO 4
Step: 43
player_id: 0
player_id: 1
player_id: 2
BoardPoints0send move: 0 MOVIMIENTO 4 1 MOVIMIENTO 4 2 MOVIMIENTO 4
Step: 44
player_id: 0
player_id: 1
player_id: 2
BoardPoints0send move: 0 MOVIMIENTO 4 1 MOVIMIENTO 4 2 MOVIMIENTO 4
Step: 45
player_id: 0
player_id: 1
player_id: 2
BoardPoints0send move: 0 MOVIMIENTO 4 1 MOVIMIENTO 4 2 MOVIMIENTO 4
Step: 46
player_id: 0
player_id: 1
player_id: 2
BoardPoints0send move: 0 MOVIMIENTO 4 1 MOVIMIENTO 4 2 MOVIMIENTO 4
Step: 47
player_id: 0
player_id: 1
player_id: 2
BoardPoints0send move: 0 MOVIMIENTO 4 1 MOVIMIENTO 4 2 MOVIMIENTO 4
Step: 48
player_id: 0
player_id: 1
player_id: 2
BoardPoints0send move: 0 MOVIMIENTO 4 1 MOVIMIENTO 4 2 MOVIMIENTO 4
Step: 49
player_id: 0
player_id: 1
player_id: 2
BoardPoints0send move: 0 MOVIMIENTO 4 1 MOVIMIENTO 4 2 MOVIMIENTO 4
Step: 50
player_id: 0
player_id: 1
player_id: 2
BoardPoints0send move: 0 MOVIMIENTO 4 1 MOVIMIENTO 4 2 MOVIMIENTO 4
Step: 51
